<?xml version="1.0" encoding="UTF-8"?>
<!-- Generated by org.testng.reporters.JUnitReportReporter -->
<testsuite hostname="LAPTOP-RF7CNPCF" failures="0" tests="1" name="Direct_Test.NewTest" time="0.002" errors="0" timestamp="2024-03-02T16:43:23 IST" skipped="0">
  <testcase classname="Direct_Test.NewTest" name="suhas" time="0.002"/>
  <system-out/>
</testsuite> <!-- Direct_Test.NewTest -->
