<?xml version="1.0" encoding="UTF-8"?>
<!-- Generated by org.testng.reporters.JUnitReportReporter -->
<testsuite hostname="LAPTOP-RF7CNPCF" failures="0" tests="2" name="Groups.Group1" time="0.008" errors="0" timestamp="2024-03-01T12:26:49 IST" skipped="0">
  <testcase classname="Groups.Group1" name="Test1" time="0.006"/>
  <system-out/>
  <testcase classname="Groups.Group1" name="Test3" time="0.002"/>
  <system-out/>
</testsuite> <!-- Groups.Group1 -->
