<?xml version="1.0" encoding="UTF-8"?>
<!-- Generated by org.testng.reporters.JUnitReportReporter -->
<testsuite hostname="LAPTOP-RF7CNPCF" failures="0" tests="2" name="Assertion.Sample" time="0.008" errors="0" timestamp="2023-10-28T11:44:02 IST" skipped="0">
  <testcase classname="Assertion.Sample" name="test1" time="0.007"/>
  <system-out/>
  <testcase classname="Assertion.Sample" name="rest" time="0.001"/>
  <system-out/>
</testsuite> <!-- Assertion.Sample -->
