<?xml version="1.0" encoding="UTF-8"?>
<!-- Generated by org.testng.reporters.JUnitReportReporter -->
<testsuite hostname="LAPTOP-RF7CNPCF" failures="0" tests="2" name="Test.Example1" time="0.002" errors="0" timestamp="2024-03-02T16:43:23 IST" skipped="0">
  <testcase classname="Test.Example1" name="Data2" time="0.001"/>
  <system-out/>
  <testcase classname="Test.Example1" name="Data1" time="0.001"/>
  <system-out/>
</testsuite> <!-- Test.Example1 -->
